-------------------------------------------------------------------------------
Test set: Dto.AsientoDtoTest
-------------------------------------------------------------------------------
Tests run: 2, Failures: 1, Errors: 0, Skipped: 0, Time elapsed: 0.076 s <<< FAILURE! - in Dto.AsientoDtoTest
CheckConstructor(Dto.AsientoDtoTest)  Time elapsed: 0.066 s  <<< FAILURE!
java.lang.AssertionError: expected:<1> but was:<0>
	at Dto.AsientoDtoTest.CheckConstructor(AsientoDtoTest.java:50)

