GROUP,PACKAGE,CLASS,INSTRUCTION_MISSED,INSTRUCTION_COVERED,BRANCH_MISSED,BRANCH_COVERED,LINE_MISSED,LINE_COVERED,COMPLEXITY_MISSED,COMPLEXITY_COVERED,METHOD_MISSED,METHOD_COVERED
Infraestructure,default,UnitOfWork,68,0,4,0,23,0,5,0,3,0
Infraestructure,default,Infraestructure,31,19,0,0,13,7,3,2,3,2
Infraestructure,Context,IWriteDbContext,4,0,0,0,2,0,1,0,1,0
Infraestructure,Repository,TripulacionRepository,70,0,0,0,12,0,11,0,11,0
Infraestructure,Repository,AeronaveRepository,58,0,0,0,11,0,9,0,9,0
Infraestructure,Repository,VueloRepository,70,0,0,0,12,0,11,0,11,0
Infraestructure,Context.MongoDB,WriteDbContext,320,0,18,0,89,0,29,0,20,0
